{"/Users/mervan/cs308-project/backend/src/config/database.js": {"path":"/Users/mervan/cs308-project/backend/src/config/database.js","statementMap":{"0":{"start":{"line":2,"column":14},"end":{"line":2,"column":39}},"1":{"start":{"line":6,"column":0},"end":{"line":6,"column":85}},"2":{"start":{"line":9,"column":13},"end":{"line":17,"column":2}},"3":{"start":{"line":30,"column":0},"end":{"line":30,"column":22}}},"fnMap":{},"branchMap":{},"s":{"0":1,"1":1,"2":1,"3":1},"f":{},"b":{},"_coverageSchema":"1a1c01bbd47fc00a2c39e90264f33305004495a9","hash":"b32f68cf93dca0830c93b913d765561100dfcefb"}
,"/Users/mervan/cs308-project/backend/src/controllers/reviewsController.js": {"path":"/Users/mervan/cs308-project/backend/src/controllers/reviewsController.js","statementMap":{"0":{"start":{"line":1,"column":15},"end":{"line":1,"column":43}},"1":{"start":{"line":3,"column":0},"end":{"line":11,"column":2}},"2":{"start":{"line":4,"column":2},"end":{"line":10,"column":3}},"3":{"start":{"line":5,"column":19},"end":{"line":5,"column":44}},"4":{"start":{"line":6,"column":20},"end":{"line":6,"column":62}},"5":{"start":{"line":7,"column":4},"end":{"line":7,"column":34}},"6":{"start":{"line":9,"column":4},"end":{"line":9,"column":49}},"7":{"start":{"line":13,"column":0},"end":{"line":22,"column":2}},"8":{"start":{"line":14,"column":2},"end":{"line":21,"column":3}},"9":{"start":{"line":15,"column":25},"end":{"line":15,"column":35}},"10":{"start":{"line":16,"column":26},"end":{"line":16,"column":34}},"11":{"start":{"line":17,"column":4},"end":{"line":17,"column":57}},"12":{"start":{"line":18,"column":4},"end":{"line":18,"column":52}},"13":{"start":{"line":20,"column":4},"end":{"line":20,"column":49}},"14":{"start":{"line":24,"column":0},"end":{"line":45,"column":2}},"15":{"start":{"line":25,"column":2},"end":{"line":44,"column":3}},"16":{"start":{"line":26,"column":21},"end":{"line":26,"column":34}},"17":{"start":{"line":27,"column":19},"end":{"line":27,"column":35}},"18":{"start":{"line":28,"column":32},"end":{"line":28,"column":40}},"19":{"start":{"line":30,"column":4},"end":{"line":32,"column":5}},"20":{"start":{"line":31,"column":6},"end":{"line":31,"column":100}},"21":{"start":{"line":34,"column":19},"end":{"line":34,"column":79}},"22":{"start":{"line":36,"column":4},"end":{"line":38,"column":5}},"23":{"start":{"line":37,"column":6},"end":{"line":37,"column":82}},"24":{"start":{"line":40,"column":4},"end":{"line":40,"column":93}},"25":{"start":{"line":42,"column":4},"end":{"line":42,"column":49}},"26":{"start":{"line":43,"column":4},"end":{"line":43,"column":62}}},"fnMap":{"0":{"name":"(anonymous_0)","decl":{"start":{"line":3,"column":24},"end":{"line":3,"column":25}},"loc":{"start":{"line":3,"column":44},"end":{"line":11,"column":1}},"line":3},"1":{"name":"(anonymous_1)","decl":{"start":{"line":13,"column":29},"end":{"line":13,"column":30}},"loc":{"start":{"line":13,"column":49},"end":{"line":22,"column":1}},"line":13},"2":{"name":"(anonymous_2)","decl":{"start":{"line":24,"column":23},"end":{"line":24,"column":24}},"loc":{"start":{"line":24,"column":43},"end":{"line":45,"column":1}},"line":24}},"branchMap":{"0":{"loc":{"start":{"line":5,"column":19},"end":{"line":5,"column":44}},"type":"binary-expr","locations":[{"start":{"line":5,"column":19},"end":{"line":5,"column":35}},{"start":{"line":5,"column":39},"end":{"line":5,"column":44}}],"line":5},"1":{"loc":{"start":{"line":30,"column":4},"end":{"line":32,"column":5}},"type":"if","locations":[{"start":{"line":30,"column":4},"end":{"line":32,"column":5}},{"start":{},"end":{}}],"line":30},"2":{"loc":{"start":{"line":30,"column":8},"end":{"line":30,"column":53}},"type":"binary-expr","locations":[{"start":{"line":30,"column":8},"end":{"line":30,"column":28}},{"start":{"line":30,"column":32},"end":{"line":30,"column":53}}],"line":30},"3":{"loc":{"start":{"line":36,"column":4},"end":{"line":38,"column":5}},"type":"if","locations":[{"start":{"line":36,"column":4},"end":{"line":38,"column":5}},{"start":{},"end":{}}],"line":36}},"s":{"0":1,"1":1,"2":2,"3":2,"4":2,"5":2,"6":0,"7":1,"8":2,"9":2,"10":2,"11":2,"12":1,"13":1,"14":1,"15":1,"16":1,"17":1,"18":1,"19":1,"20":0,"21":1,"22":1,"23":0,"24":1,"25":0,"26":0},"f":{"0":2,"1":2,"2":1},"b":{"0":[2,0],"1":[0,1],"2":[1,0],"3":[0,1]},"_coverageSchema":"1a1c01bbd47fc00a2c39e90264f33305004495a9","hash":"52d81f52cf537b5727d651364712e2000c5e60c3"}
,"/Users/mervan/cs308-project/backend/src/models/reviews.js": {"path":"/Users/mervan/cs308-project/backend/src/models/reviews.js","statementMap":{"0":{"start":{"line":1,"column":13},"end":{"line":1,"column":42}},"1":{"start":{"line":3,"column":15},"end":{"line":148,"column":1}},"2":{"start":{"line":6,"column":18},"end":{"line":20,"column":5}},"3":{"start":{"line":21,"column":19},"end":{"line":21,"column":55}},"4":{"start":{"line":22,"column":4},"end":{"line":22,"column":16}},"5":{"start":{"line":27,"column":18},"end":{"line":31,"column":5}},"6":{"start":{"line":32,"column":21},"end":{"line":32,"column":67}},"7":{"start":{"line":33,"column":4},"end":{"line":33,"column":18}},"8":{"start":{"line":38,"column":16},"end":{"line":47,"column":5}},"9":{"start":{"line":48,"column":19},"end":{"line":48,"column":21}},"10":{"start":{"line":50,"column":4},"end":{"line":53,"column":5}},"11":{"start":{"line":51,"column":6},"end":{"line":51,"column":45}},"12":{"start":{"line":52,"column":6},"end":{"line":52,"column":26}},"13":{"start":{"line":55,"column":19},"end":{"line":55,"column":50}},"14":{"start":{"line":56,"column":4},"end":{"line":56,"column":16}},"15":{"start":{"line":68,"column":4},"end":{"line":71,"column":5}},"16":{"start":{"line":72,"column":29},"end":{"line":72,"column":87}},"17":{"start":{"line":73,"column":4},"end":{"line":76,"column":5}},"18":{"start":{"line":75,"column":6},"end":{"line":75,"column":64}},"19":{"start":{"line":81,"column":4},"end":{"line":88,"column":5}},"20":{"start":{"line":90,"column":25},"end":{"line":90,"column":79}},"21":{"start":{"line":92,"column":4},"end":{"line":95,"column":5}},"22":{"start":{"line":94,"column":6},"end":{"line":94,"column":86}},"23":{"start":{"line":99,"column":4},"end":{"line":102,"column":5}},"24":{"start":{"line":104,"column":21},"end":{"line":110,"column":8}},"25":{"start":{"line":112,"column":3},"end":{"line":112,"column":26}},"26":{"start":{"line":116,"column":19},"end":{"line":116,"column":21}},"27":{"start":{"line":117,"column":19},"end":{"line":117,"column":21}},"28":{"start":{"line":119,"column":4},"end":{"line":122,"column":5}},"29":{"start":{"line":120,"column":6},"end":{"line":120,"column":32}},"30":{"start":{"line":121,"column":6},"end":{"line":121,"column":26}},"31":{"start":{"line":124,"column":4},"end":{"line":127,"column":5}},"32":{"start":{"line":125,"column":6},"end":{"line":125,"column":33}},"33":{"start":{"line":126,"column":6},"end":{"line":126,"column":27}},"34":{"start":{"line":129,"column":4},"end":{"line":131,"column":5}},"35":{"start":{"line":130,"column":6},"end":{"line":130,"column":44}},"36":{"start":{"line":134,"column":4},"end":{"line":134,"column":48}},"37":{"start":{"line":135,"column":4},"end":{"line":135,"column":50}},"38":{"start":{"line":137,"column":18},"end":{"line":141,"column":5}},"39":{"start":{"line":143,"column":4},"end":{"line":143,"column":34}},"40":{"start":{"line":145,"column":21},"end":{"line":145,"column":52}},"41":{"start":{"line":146,"column":4},"end":{"line":146,"column":18}},"42":{"start":{"line":150,"column":0},"end":{"line":150,"column":24}}},"fnMap":{"0":{"name":"(anonymous_0)","decl":{"start":{"line":4,"column":2},"end":{"line":4,"column":3}},"loc":{"start":{"line":4,"column":41},"end":{"line":23,"column":3}},"line":4},"1":{"name":"(anonymous_1)","decl":{"start":{"line":26,"column":2},"end":{"line":26,"column":3}},"loc":{"start":{"line":26,"column":48},"end":{"line":34,"column":3}},"line":26},"2":{"name":"(anonymous_2)","decl":{"start":{"line":37,"column":2},"end":{"line":37,"column":3}},"loc":{"start":{"line":37,"column":38},"end":{"line":57,"column":3}},"line":37},"3":{"name":"(anonymous_3)","decl":{"start":{"line":60,"column":2},"end":{"line":60,"column":3}},"loc":{"start":{"line":60,"column":57},"end":{"line":113,"column":3}},"line":60},"4":{"name":"(anonymous_4)","decl":{"start":{"line":115,"column":2},"end":{"line":115,"column":3}},"loc":{"start":{"line":115,"column":56},"end":{"line":147,"column":3}},"line":115}},"branchMap":{"0":{"loc":{"start":{"line":50,"column":4},"end":{"line":53,"column":5}},"type":"if","locations":[{"start":{"line":50,"column":4},"end":{"line":53,"column":5}},{"start":{},"end":{}}],"line":50},"1":{"loc":{"start":{"line":73,"column":4},"end":{"line":76,"column":5}},"type":"if","locations":[{"start":{"line":73,"column":4},"end":{"line":76,"column":5}},{"start":{},"end":{}}],"line":73},"2":{"loc":{"start":{"line":92,"column":4},"end":{"line":95,"column":5}},"type":"if","locations":[{"start":{"line":92,"column":4},"end":{"line":95,"column":5}},{"start":{},"end":{}}],"line":92},"3":{"loc":{"start":{"line":119,"column":4},"end":{"line":122,"column":5}},"type":"if","locations":[{"start":{"line":119,"column":4},"end":{"line":122,"column":5}},{"start":{},"end":{}}],"line":119},"4":{"loc":{"start":{"line":124,"column":4},"end":{"line":127,"column":5}},"type":"if","locations":[{"start":{"line":124,"column":4},"end":{"line":127,"column":5}},{"start":{},"end":{}}],"line":124},"5":{"loc":{"start":{"line":129,"column":4},"end":{"line":131,"column":5}},"type":"if","locations":[{"start":{"line":129,"column":4},"end":{"line":131,"column":5}},{"start":{},"end":{}}],"line":129}},"s":{"0":1,"1":1,"2":0,"3":0,"4":0,"5":0,"6":0,"7":0,"8":0,"9":0,"10":0,"11":0,"12":0,"13":0,"14":0,"15":0,"16":0,"17":0,"18":0,"19":0,"20":0,"21":0,"22":0,"23":0,"24":0,"25":0,"26":0,"27":0,"28":0,"29":0,"30":0,"31":0,"32":0,"33":0,"34":0,"35":0,"36":0,"37":0,"38":0,"39":0,"40":0,"41":0,"42":1},"f":{"0":0,"1":0,"2":0,"3":0,"4":0},"b":{"0":[0,0],"1":[0,0],"2":[0,0],"3":[0,0],"4":[0,0],"5":[0,0]},"_coverageSchema":"1a1c01bbd47fc00a2c39e90264f33305004495a9","hash":"6b7a85d4ceea8fb4d5072ec479586ce1fe1ee530"}
}
