TN:
SF:backend/src/config/database.js
FNF:0
FNH:0
DA:2,1
DA:6,1
DA:9,1
DA:30,1
LF:4
LH:4
BRF:0
BRH:0
end_of_record
TN:
SF:backend/src/controllers/reviewsController.js
FN:3,(anonymous_0)
FN:13,(anonymous_1)
FN:24,(anonymous_2)
FNF:3
FNH:3
FNDA:2,(anonymous_0)
FNDA:2,(anonymous_1)
FNDA:1,(anonymous_2)
DA:1,1
DA:3,1
DA:4,2
DA:5,2
DA:6,2
DA:7,2
DA:9,0
DA:13,1
DA:14,2
DA:15,2
DA:16,2
DA:17,2
DA:18,1
DA:20,1
DA:24,1
DA:25,1
DA:26,1
DA:27,1
DA:28,1
DA:30,1
DA:31,0
DA:34,1
DA:36,1
DA:37,0
DA:40,1
DA:42,0
DA:43,0
LF:27
LH:22
BRDA:5,0,0,2
BRDA:5,0,1,0
BRDA:30,1,0,0
BRDA:30,1,1,1
BRDA:30,2,0,1
BRDA:30,2,1,0
BRDA:36,3,0,0
BRDA:36,3,1,1
BRF:8
BRH:4
end_of_record
TN:
SF:backend/src/models/reviews.js
FN:4,(anonymous_0)
FN:26,(anonymous_1)
FN:37,(anonymous_2)
FN:60,(anonymous_3)
FN:115,(anonymous_4)
FNF:5
FNH:0
FNDA:0,(anonymous_0)
FNDA:0,(anonymous_1)
FNDA:0,(anonymous_2)
FNDA:0,(anonymous_3)
FNDA:0,(anonymous_4)
DA:1,1
DA:3,1
DA:6,0
DA:21,0
DA:22,0
DA:27,0
DA:32,0
DA:33,0
DA:38,0
DA:48,0
DA:50,0
DA:51,0
DA:52,0
DA:55,0
DA:56,0
DA:68,0
DA:72,0
DA:73,0
DA:75,0
DA:81,0
DA:90,0
DA:92,0
DA:94,0
DA:99,0
DA:104,0
DA:112,0
DA:116,0
DA:117,0
DA:119,0
DA:120,0
DA:121,0
DA:124,0
DA:125,0
DA:126,0
DA:129,0
DA:130,0
DA:134,0
DA:135,0
DA:137,0
DA:143,0
DA:145,0
DA:146,0
DA:150,1
LF:43
LH:3
BRDA:50,0,0,0
BRDA:50,0,1,0
BRDA:73,1,0,0
BRDA:73,1,1,0
BRDA:92,2,0,0
BRDA:92,2,1,0
BRDA:119,3,0,0
BRDA:119,3,1,0
BRDA:124,4,0,0
BRDA:124,4,1,0
BRDA:129,5,0,0
BRDA:129,5,1,0
BRF:12
BRH:0
end_of_record
